<?xml version="1.0" encoding="UTF-8"?>
<coverage generated="1768210536512" clover="3.2.0">
  <project timestamp="1768210536512" name="All files">
    <metrics statements="24" coveredstatements="24" conditionals="16" coveredconditionals="15" methods="10" coveredmethods="10" elements="50" coveredelements="49" complexity="0" loc="24" ncloc="24" packages="1" files="1" classes="1"/>
    <file name="MathUtil.js" path="/home/onkar/intern/intern-luxury-watch-project/backend/src/utils/MathUtil.js">
      <metrics statements="24" coveredstatements="24" conditionals="16" coveredconditionals="15" methods="10" coveredmethods="10"/>
      <line num="4" count="2" type="stmt"/>
      <line num="5" count="1" type="stmt"/>
      <line num="9" count="1" type="stmt"/>
      <line num="10" count="1" type="stmt"/>
      <line num="15" count="1" type="stmt"/>
      <line num="16" count="1" type="stmt"/>
      <line num="20" count="2" type="stmt"/>
      <line num="21" count="2" type="cond" truecount="2" falsecount="0"/>
      <line num="22" count="1" type="stmt"/>
      <line num="24" count="1" type="stmt"/>
      <line num="28" count="1" type="stmt"/>
      <line num="29" count="1" type="stmt"/>
      <line num="33" count="2" type="cond" truecount="1" falsecount="1"/>
      <line num="34" count="2" type="cond" truecount="2" falsecount="0"/>
      <line num="35" count="1" type="stmt"/>
      <line num="39" count="3" type="cond" truecount="4" falsecount="0"/>
      <line num="40" count="1" type="stmt"/>
      <line num="42" count="2" type="stmt"/>
      <line num="43" count="5" type="cond" truecount="2" falsecount="0"/>
      <line num="46" count="3" type="stmt"/>
      <line num="47" count="1" type="stmt"/>
      <line num="51" count="7" type="cond" truecount="4" falsecount="0"/>
      <line num="52" count="1" type="stmt"/>
      <line num="57" count="1" type="stmt"/>
    </file>
  </project>
</coverage>
