{"/home/onkar/intern/intern-luxury-watch-project/backend/src/utils/MathUtil.js": {"path":"/home/onkar/intern/intern-luxury-watch-project/backend/src/utils/MathUtil.js","statementMap":{"0":{"start":{"line":4,"column":4},"end":{"line":4,"column":30}},"1":{"start":{"line":5,"column":4},"end":{"line":5,"column":17}},"2":{"start":{"line":9,"column":4},"end":{"line":9,"column":30}},"3":{"start":{"line":10,"column":4},"end":{"line":10,"column":17}},"4":{"start":{"line":15,"column":4},"end":{"line":15,"column":30}},"5":{"start":{"line":16,"column":4},"end":{"line":16,"column":17}},"6":{"start":{"line":20,"column":4},"end":{"line":20,"column":30}},"7":{"start":{"line":21,"column":4},"end":{"line":23,"column":5}},"8":{"start":{"line":22,"column":6},"end":{"line":22,"column":47}},"9":{"start":{"line":24,"column":4},"end":{"line":24,"column":17}},"10":{"start":{"line":28,"column":4},"end":{"line":28,"column":30}},"11":{"start":{"line":29,"column":4},"end":{"line":29,"column":26}},"12":{"start":{"line":33,"column":4},"end":{"line":33,"column":73}},"13":{"start":{"line":33,"column":31},"end":{"line":33,"column":73}},"14":{"start":{"line":34,"column":4},"end":{"line":34,"column":80}},"15":{"start":{"line":34,"column":15},"end":{"line":34,"column":80}},"16":{"start":{"line":35,"column":4},"end":{"line":35,"column":24}},"17":{"start":{"line":39,"column":4},"end":{"line":40,"column":64}},"18":{"start":{"line":40,"column":6},"end":{"line":40,"column":64}},"19":{"start":{"line":42,"column":4},"end":{"line":44,"column":7}},"20":{"start":{"line":43,"column":6},"end":{"line":43,"column":81}},"21":{"start":{"line":43,"column":33},"end":{"line":43,"column":81}},"22":{"start":{"line":46,"column":16},"end":{"line":46,"column":54}},"23":{"start":{"line":46,"column":43},"end":{"line":46,"column":50}},"24":{"start":{"line":47,"column":4},"end":{"line":47,"column":32}},"25":{"start":{"line":51,"column":4},"end":{"line":53,"column":5}},"26":{"start":{"line":52,"column":6},"end":{"line":52,"column":48}},"27":{"start":{"line":57,"column":0},"end":{"line":57,"column":26}}},"fnMap":{"0":{"name":"(anonymous_0)","decl":{"start":{"line":3,"column":2},"end":{"line":3,"column":3}},"loc":{"start":{"line":3,"column":19},"end":{"line":6,"column":3}},"line":3},"1":{"name":"(anonymous_1)","decl":{"start":{"line":8,"column":2},"end":{"line":8,"column":3}},"loc":{"start":{"line":8,"column":24},"end":{"line":11,"column":3}},"line":8},"2":{"name":"(anonymous_2)","decl":{"start":{"line":14,"column":2},"end":{"line":14,"column":3}},"loc":{"start":{"line":14,"column":24},"end":{"line":17,"column":3}},"line":14},"3":{"name":"(anonymous_3)","decl":{"start":{"line":19,"column":2},"end":{"line":19,"column":3}},"loc":{"start":{"line":19,"column":22},"end":{"line":25,"column":3}},"line":19},"4":{"name":"(anonymous_4)","decl":{"start":{"line":27,"column":2},"end":{"line":27,"column":3}},"loc":{"start":{"line":27,"column":21},"end":{"line":30,"column":3}},"line":27},"5":{"name":"(anonymous_5)","decl":{"start":{"line":32,"column":2},"end":{"line":32,"column":3}},"loc":{"start":{"line":32,"column":17},"end":{"line":36,"column":3}},"line":32},"6":{"name":"(anonymous_6)","decl":{"start":{"line":38,"column":2},"end":{"line":38,"column":3}},"loc":{"start":{"line":38,"column":26},"end":{"line":48,"column":3}},"line":38},"7":{"name":"(anonymous_7)","decl":{"start":{"line":42,"column":20},"end":{"line":42,"column":21}},"loc":{"start":{"line":42,"column":25},"end":{"line":44,"column":5}},"line":42},"8":{"name":"(anonymous_8)","decl":{"start":{"line":46,"column":31},"end":{"line":46,"column":32}},"loc":{"start":{"line":46,"column":43},"end":{"line":46,"column":50}},"line":46},"9":{"name":"(anonymous_9)","decl":{"start":{"line":50,"column":2},"end":{"line":50,"column":3}},"loc":{"start":{"line":50,"column":30},"end":{"line":54,"column":3}},"line":50}},"branchMap":{"0":{"loc":{"start":{"line":21,"column":4},"end":{"line":23,"column":5}},"type":"if","locations":[{"start":{"line":21,"column":4},"end":{"line":23,"column":5}},{"start":{},"end":{}}],"line":21},"1":{"loc":{"start":{"line":33,"column":4},"end":{"line":33,"column":73}},"type":"if","locations":[{"start":{"line":33,"column":4},"end":{"line":33,"column":73}},{"start":{},"end":{}}],"line":33},"2":{"loc":{"start":{"line":34,"column":4},"end":{"line":34,"column":80}},"type":"if","locations":[{"start":{"line":34,"column":4},"end":{"line":34,"column":80}},{"start":{},"end":{}}],"line":34},"3":{"loc":{"start":{"line":39,"column":4},"end":{"line":40,"column":64}},"type":"if","locations":[{"start":{"line":39,"column":4},"end":{"line":40,"column":64}},{"start":{},"end":{}}],"line":39},"4":{"loc":{"start":{"line":39,"column":8},"end":{"line":39,"column":55}},"type":"binary-expr","locations":[{"start":{"line":39,"column":8},"end":{"line":39,"column":31}},{"start":{"line":39,"column":35},"end":{"line":39,"column":55}}],"line":39},"5":{"loc":{"start":{"line":43,"column":6},"end":{"line":43,"column":81}},"type":"if","locations":[{"start":{"line":43,"column":6},"end":{"line":43,"column":81}},{"start":{},"end":{}}],"line":43},"6":{"loc":{"start":{"line":51,"column":4},"end":{"line":53,"column":5}},"type":"if","locations":[{"start":{"line":51,"column":4},"end":{"line":53,"column":5}},{"start":{},"end":{}}],"line":51},"7":{"loc":{"start":{"line":51,"column":8},"end":{"line":51,"column":54}},"type":"binary-expr","locations":[{"start":{"line":51,"column":8},"end":{"line":51,"column":29}},{"start":{"line":51,"column":33},"end":{"line":51,"column":54}}],"line":51}},"s":{"0":2,"1":1,"2":1,"3":1,"4":1,"5":1,"6":2,"7":2,"8":1,"9":1,"10":1,"11":1,"12":2,"13":0,"14":2,"15":1,"16":1,"17":3,"18":1,"19":2,"20":5,"21":1,"22":1,"23":3,"24":1,"25":7,"26":1,"27":1},"f":{"0":2,"1":1,"2":1,"3":2,"4":1,"5":2,"6":3,"7":5,"8":3,"9":7},"b":{"0":[1,1],"1":[0,2],"2":[1,1],"3":[1,2],"4":[3,3],"5":[1,4],"6":[1,6],"7":[7,7]},"_coverageSchema":"1a1c01bbd47fc00a2c39e90264f33305004495a9","hash":"994c9c8a52152ee0ba7ff8e98ca2a77867205805"}
}
