{"/home/raj/Raj/Projects/intern-luxury-watch-project/backend/src/controllers/authController.js": {"path":"/home/raj/Raj/Projects/intern-luxury-watch-project/backend/src/controllers/authController.js","statementMap":{"0":{"start":{"line":1,"column":0},"end":{"line":1,"column":24}},"1":{"start":{"line":2,"column":17},"end":{"line":2,"column":36}},"2":{"start":{"line":3,"column":13},"end":{"line":3,"column":41}},"3":{"start":{"line":4,"column":12},"end":{"line":4,"column":35}},"4":{"start":{"line":5,"column":15},"end":{"line":5,"column":32}},"5":{"start":{"line":7,"column":28},"end":{"line":12,"column":3}},"6":{"start":{"line":8,"column":2},"end":{"line":12,"column":3}},"7":{"start":{"line":14,"column":29},"end":{"line":19,"column":3}},"8":{"start":{"line":15,"column":2},"end":{"line":19,"column":3}},"9":{"start":{"line":21,"column":23},"end":{"line":26,"column":1}},"10":{"start":{"line":28,"column":0},"end":{"line":73,"column":2}},"11":{"start":{"line":29,"column":2},"end":{"line":72,"column":3}},"12":{"start":{"line":30,"column":42},"end":{"line":30,"column":50}},"13":{"start":{"line":32,"column":4},"end":{"line":36,"column":5}},"14":{"start":{"line":33,"column":6},"end":{"line":35,"column":9}},"15":{"start":{"line":38,"column":14},"end":{"line":38,"column":48}},"16":{"start":{"line":39,"column":4},"end":{"line":39,"column":84}},"17":{"start":{"line":39,"column":10},"end":{"line":39,"column":84}},"18":{"start":{"line":41,"column":25},"end":{"line":41,"column":57}},"19":{"start":{"line":42,"column":4},"end":{"line":44,"column":5}},"20":{"start":{"line":43,"column":8},"end":{"line":43,"column":76}},"21":{"start":{"line":46,"column":4},"end":{"line":50,"column":5}},"22":{"start":{"line":47,"column":6},"end":{"line":49,"column":9}},"23":{"start":{"line":52,"column":27},"end":{"line":52,"column":58}},"24":{"start":{"line":54,"column":17},"end":{"line":57,"column":6}},"25":{"start":{"line":59,"column":20},"end":{"line":59,"column":35}},"26":{"start":{"line":60,"column":4},"end":{"line":60,"column":28}},"27":{"start":{"line":62,"column":24},"end":{"line":62,"column":49}},"28":{"start":{"line":63,"column":25},"end":{"line":63,"column":51}},"29":{"start":{"line":65,"column":4},"end":{"line":65,"column":36}},"30":{"start":{"line":66,"column":4},"end":{"line":66,"column":21}},"31":{"start":{"line":68,"column":4},"end":{"line":68,"column":61}},"32":{"start":{"line":69,"column":4},"end":{"line":69,"column":84}},"33":{"start":{"line":71,"column":4},"end":{"line":71,"column":14}},"34":{"start":{"line":75,"column":0},"end":{"line":104,"column":2}},"35":{"start":{"line":76,"column":2},"end":{"line":103,"column":3}},"36":{"start":{"line":77,"column":32},"end":{"line":77,"column":40}},"37":{"start":{"line":79,"column":4},"end":{"line":81,"column":5}},"38":{"start":{"line":80,"column":8},"end":{"line":80,"column":81}},"39":{"start":{"line":83,"column":17},"end":{"line":83,"column":46}},"40":{"start":{"line":84,"column":4},"end":{"line":84,"column":79}},"41":{"start":{"line":84,"column":15},"end":{"line":84,"column":79}},"42":{"start":{"line":86,"column":18},"end":{"line":86,"column":63}},"43":{"start":{"line":87,"column":4},"end":{"line":87,"column":80}},"44":{"start":{"line":87,"column":16},"end":{"line":87,"column":80}},"45":{"start":{"line":89,"column":24},"end":{"line":89,"column":49}},"46":{"start":{"line":90,"column":25},"end":{"line":90,"column":51}},"47":{"start":{"line":92,"column":4},"end":{"line":92,"column":37}},"48":{"start":{"line":93,"column":4},"end":{"line":93,"column":22}},"49":{"start":{"line":95,"column":20},"end":{"line":95,"column":35}},"50":{"start":{"line":96,"column":4},"end":{"line":96,"column":28}},"51":{"start":{"line":97,"column":4},"end":{"line":97,"column":32}},"52":{"start":{"line":99,"column":4},"end":{"line":99,"column":61}},"53":{"start":{"line":100,"column":4},"end":{"line":100,"column":45}},"54":{"start":{"line":102,"column":4},"end":{"line":102,"column":14}},"55":{"start":{"line":106,"column":0},"end":{"line":129,"column":2}},"56":{"start":{"line":107,"column":23},"end":{"line":107,"column":47}},"57":{"start":{"line":108,"column":2},"end":{"line":108,"column":48}},"58":{"start":{"line":108,"column":21},"end":{"line":108,"column":48}},"59":{"start":{"line":110,"column":15},"end":{"line":110,"column":51}},"60":{"start":{"line":111,"column":2},"end":{"line":111,"column":40}},"61":{"start":{"line":111,"column":13},"end":{"line":111,"column":40}},"62":{"start":{"line":113,"column":2},"end":{"line":128,"column":5}},"63":{"start":{"line":114,"column":4},"end":{"line":114,"column":40}},"64":{"start":{"line":114,"column":13},"end":{"line":114,"column":40}},"65":{"start":{"line":116,"column":27},"end":{"line":116,"column":52}},"66":{"start":{"line":117,"column":28},"end":{"line":117,"column":54}},"67":{"start":{"line":119,"column":4},"end":{"line":119,"column":40}},"68":{"start":{"line":120,"column":4},"end":{"line":120,"column":22}},"69":{"start":{"line":122,"column":20},"end":{"line":122,"column":35}},"70":{"start":{"line":123,"column":4},"end":{"line":123,"column":28}},"71":{"start":{"line":124,"column":4},"end":{"line":124,"column":32}},"72":{"start":{"line":126,"column":4},"end":{"line":126,"column":64}},"73":{"start":{"line":127,"column":4},"end":{"line":127,"column":61}},"74":{"start":{"line":131,"column":0},"end":{"line":138,"column":2}},"75":{"start":{"line":132,"column":23},"end":{"line":132,"column":47}},"76":{"start":{"line":133,"column":2},"end":{"line":135,"column":3}},"77":{"start":{"line":134,"column":4},"end":{"line":134,"column":74}},"78":{"start":{"line":136,"column":2},"end":{"line":136,"column":50}},"79":{"start":{"line":137,"column":2},"end":{"line":137,"column":38}},"80":{"start":{"line":140,"column":0},"end":{"line":143,"column":2}},"81":{"start":{"line":141,"column":15},"end":{"line":141,"column":67}},"82":{"start":{"line":142,"column":2},"end":{"line":142,"column":17}},"83":{"start":{"line":145,"column":0},"end":{"line":148,"column":2}},"84":{"start":{"line":146,"column":15},"end":{"line":146,"column":67}},"85":{"start":{"line":147,"column":2},"end":{"line":147,"column":17}},"86":{"start":{"line":150,"column":0},"end":{"line":153,"column":1}},"87":{"start":{"line":151,"column":15},"end":{"line":151,"column":56}},"88":{"start":{"line":152,"column":2},"end":{"line":152,"column":62}}},"fnMap":{"0":{"name":"(anonymous_0)","decl":{"start":{"line":7,"column":28},"end":{"line":7,"column":29}},"loc":{"start":{"line":8,"column":2},"end":{"line":12,"column":3}},"line":8},"1":{"name":"(anonymous_1)","decl":{"start":{"line":14,"column":29},"end":{"line":14,"column":30}},"loc":{"start":{"line":15,"column":2},"end":{"line":19,"column":3}},"line":15},"2":{"name":"(anonymous_2)","decl":{"start":{"line":28,"column":19},"end":{"line":28,"column":20}},"loc":{"start":{"line":28,"column":45},"end":{"line":73,"column":1}},"line":28},"3":{"name":"(anonymous_3)","decl":{"start":{"line":75,"column":16},"end":{"line":75,"column":17}},"loc":{"start":{"line":75,"column":42},"end":{"line":104,"column":1}},"line":75},"4":{"name":"(anonymous_4)","decl":{"start":{"line":106,"column":18},"end":{"line":106,"column":19}},"loc":{"start":{"line":106,"column":38},"end":{"line":129,"column":1}},"line":106},"5":{"name":"(anonymous_5)","decl":{"start":{"line":113,"column":55},"end":{"line":113,"column":56}},"loc":{"start":{"line":113,"column":79},"end":{"line":128,"column":3}},"line":113},"6":{"name":"(anonymous_6)","decl":{"start":{"line":131,"column":17},"end":{"line":131,"column":18}},"loc":{"start":{"line":131,"column":37},"end":{"line":138,"column":1}},"line":131},"7":{"name":"(anonymous_7)","decl":{"start":{"line":140,"column":18},"end":{"line":140,"column":19}},"loc":{"start":{"line":140,"column":38},"end":{"line":143,"column":1}},"line":140},"8":{"name":"(anonymous_8)","decl":{"start":{"line":145,"column":16},"end":{"line":145,"column":17}},"loc":{"start":{"line":145,"column":36},"end":{"line":148,"column":1}},"line":145},"9":{"name":"(anonymous_9)","decl":{"start":{"line":150,"column":17},"end":{"line":150,"column":18}},"loc":{"start":{"line":150,"column":36},"end":{"line":153,"column":1}},"line":150}},"branchMap":{"0":{"loc":{"start":{"line":32,"column":4},"end":{"line":36,"column":5}},"type":"if","locations":[{"start":{"line":32,"column":4},"end":{"line":36,"column":5}},{"start":{},"end":{}}],"line":32},"1":{"loc":{"start":{"line":32,"column":8},"end":{"line":32,"column":40}},"type":"binary-expr","locations":[{"start":{"line":32,"column":8},"end":{"line":32,"column":17}},{"start":{"line":32,"column":21},"end":{"line":32,"column":27}},{"start":{"line":32,"column":31},"end":{"line":32,"column":40}}],"line":32},"2":{"loc":{"start":{"line":39,"column":4},"end":{"line":39,"column":84}},"type":"if","locations":[{"start":{"line":39,"column":4},"end":{"line":39,"column":84}},{"start":{},"end":{}}],"line":39},"3":{"loc":{"start":{"line":42,"column":4},"end":{"line":44,"column":5}},"type":"if","locations":[{"start":{"line":42,"column":4},"end":{"line":44,"column":5}},{"start":{},"end":{}}],"line":42},"4":{"loc":{"start":{"line":46,"column":4},"end":{"line":50,"column":5}},"type":"if","locations":[{"start":{"line":46,"column":4},"end":{"line":50,"column":5}},{"start":{},"end":{}}],"line":46},"5":{"loc":{"start":{"line":79,"column":4},"end":{"line":81,"column":5}},"type":"if","locations":[{"start":{"line":79,"column":4},"end":{"line":81,"column":5}},{"start":{},"end":{}}],"line":79},"6":{"loc":{"start":{"line":79,"column":7},"end":{"line":79,"column":26}},"type":"binary-expr","locations":[{"start":{"line":79,"column":7},"end":{"line":79,"column":13}},{"start":{"line":79,"column":17},"end":{"line":79,"column":26}}],"line":79},"7":{"loc":{"start":{"line":84,"column":4},"end":{"line":84,"column":79}},"type":"if","locations":[{"start":{"line":84,"column":4},"end":{"line":84,"column":79}},{"start":{},"end":{}}],"line":84},"8":{"loc":{"start":{"line":87,"column":4},"end":{"line":87,"column":80}},"type":"if","locations":[{"start":{"line":87,"column":4},"end":{"line":87,"column":80}},{"start":{},"end":{}}],"line":87},"9":{"loc":{"start":{"line":108,"column":2},"end":{"line":108,"column":48}},"type":"if","locations":[{"start":{"line":108,"column":2},"end":{"line":108,"column":48}},{"start":{},"end":{}}],"line":108},"10":{"loc":{"start":{"line":111,"column":2},"end":{"line":111,"column":40}},"type":"if","locations":[{"start":{"line":111,"column":2},"end":{"line":111,"column":40}},{"start":{},"end":{}}],"line":111},"11":{"loc":{"start":{"line":114,"column":4},"end":{"line":114,"column":40}},"type":"if","locations":[{"start":{"line":114,"column":4},"end":{"line":114,"column":40}},{"start":{},"end":{}}],"line":114},"12":{"loc":{"start":{"line":133,"column":2},"end":{"line":135,"column":3}},"type":"if","locations":[{"start":{"line":133,"column":2},"end":{"line":135,"column":3}},{"start":{},"end":{}}],"line":133}},"s":{"0":4,"1":4,"2":4,"3":4,"4":4,"5":4,"6":4,"7":4,"8":4,"9":4,"10":4,"11":9,"12":9,"13":9,"14":4,"15":5,"16":5,"17":2,"18":3,"19":3,"20":0,"21":3,"22":1,"23":2,"24":2,"25":2,"26":2,"27":2,"28":2,"29":2,"30":2,"31":2,"32":2,"33":0,"34":4,"35":8,"36":8,"37":8,"38":3,"39":5,"40":5,"41":2,"42":3,"43":3,"44":1,"45":2,"46":2,"47":2,"48":2,"49":2,"50":2,"51":2,"52":2,"53":2,"54":0,"55":4,"56":3,"57":3,"58":2,"59":1,"60":1,"61":1,"62":0,"63":0,"64":0,"65":0,"66":0,"67":0,"68":0,"69":0,"70":0,"71":0,"72":0,"73":0,"74":4,"75":3,"76":3,"77":1,"78":3,"79":3,"80":4,"81":2,"82":2,"83":4,"84":0,"85":0,"86":4,"87":1,"88":1},"f":{"0":4,"1":4,"2":9,"3":8,"4":3,"5":0,"6":3,"7":2,"8":0,"9":1},"b":{"0":[4,5],"1":[9,7,6],"2":[2,3],"3":[0,3],"4":[1,2],"5":[3,5],"6":[8,6],"7":[2,3],"8":[1,2],"9":[2,1],"10":[1,0],"11":[0,0],"12":[1,2]},"_coverageSchema":"1a1c01bbd47fc00a2c39e90264f33305004495a9","hash":"c29a08ec27e5589682792e2c970ba9464a587e06"}
}
