TN:
SF:src/utils/MathUtil.js
FN:3,(anonymous_0)
FN:8,(anonymous_1)
FN:14,(anonymous_2)
FN:19,(anonymous_3)
FN:27,(anonymous_4)
FN:32,(anonymous_5)
FN:38,(anonymous_6)
FN:42,(anonymous_7)
FN:46,(anonymous_8)
FN:50,(anonymous_9)
FNF:10
FNH:10
FNDA:2,(anonymous_0)
FNDA:1,(anonymous_1)
FNDA:1,(anonymous_2)
FNDA:2,(anonymous_3)
FNDA:1,(anonymous_4)
FNDA:2,(anonymous_5)
FNDA:3,(anonymous_6)
FNDA:5,(anonymous_7)
FNDA:3,(anonymous_8)
FNDA:7,(anonymous_9)
DA:4,2
DA:5,1
DA:9,1
DA:10,1
DA:15,1
DA:16,1
DA:20,2
DA:21,2
DA:22,1
DA:24,1
DA:28,1
DA:29,1
DA:33,2
DA:34,2
DA:35,1
DA:39,3
DA:40,1
DA:42,2
DA:43,5
DA:46,3
DA:47,1
DA:51,7
DA:52,1
DA:57,1
LF:24
LH:24
BRDA:21,0,0,1
BRDA:21,0,1,1
BRDA:33,1,0,0
BRDA:33,1,1,2
BRDA:34,2,0,1
BRDA:34,2,1,1
BRDA:39,3,0,1
BRDA:39,3,1,2
BRDA:39,4,0,3
BRDA:39,4,1,3
BRDA:43,5,0,1
BRDA:43,5,1,4
BRDA:51,6,0,1
BRDA:51,6,1,6
BRDA:51,7,0,7
BRDA:51,7,1,7
BRF:16
BRH:15
end_of_record
