TN:
SF:src/controllers/authController.js
FN:7,(anonymous_0)
FN:14,(anonymous_1)
FN:28,(anonymous_2)
FN:75,(anonymous_3)
FN:106,(anonymous_4)
FN:113,(anonymous_5)
FN:131,(anonymous_6)
FN:140,(anonymous_7)
FN:145,(anonymous_8)
FN:150,(anonymous_9)
FNF:10
FNH:8
FNDA:4,(anonymous_0)
FNDA:4,(anonymous_1)
FNDA:9,(anonymous_2)
FNDA:8,(anonymous_3)
FNDA:3,(anonymous_4)
FNDA:0,(anonymous_5)
FNDA:3,(anonymous_6)
FNDA:2,(anonymous_7)
FNDA:0,(anonymous_8)
FNDA:1,(anonymous_9)
DA:1,4
DA:2,4
DA:3,4
DA:4,4
DA:5,4
DA:7,4
DA:8,4
DA:14,4
DA:15,4
DA:21,4
DA:28,4
DA:29,9
DA:30,9
DA:32,9
DA:33,4
DA:38,5
DA:39,5
DA:41,3
DA:42,3
DA:43,0
DA:46,3
DA:47,1
DA:52,2
DA:54,2
DA:59,2
DA:60,2
DA:62,2
DA:63,2
DA:65,2
DA:66,2
DA:68,2
DA:69,2
DA:71,0
DA:75,4
DA:76,8
DA:77,8
DA:79,8
DA:80,3
DA:83,5
DA:84,5
DA:86,3
DA:87,3
DA:89,2
DA:90,2
DA:92,2
DA:93,2
DA:95,2
DA:96,2
DA:97,2
DA:99,2
DA:100,2
DA:102,0
DA:106,4
DA:107,3
DA:108,3
DA:110,1
DA:111,1
DA:113,0
DA:114,0
DA:116,0
DA:117,0
DA:119,0
DA:120,0
DA:122,0
DA:123,0
DA:124,0
DA:126,0
DA:127,0
DA:131,4
DA:132,3
DA:133,3
DA:134,1
DA:136,3
DA:137,3
DA:140,4
DA:141,2
DA:142,2
DA:145,4
DA:146,0
DA:147,0
DA:150,4
DA:151,1
DA:152,1
LF:83
LH:67
BRDA:32,0,0,4
BRDA:32,0,1,5
BRDA:32,1,0,9
BRDA:32,1,1,7
BRDA:32,1,2,6
BRDA:39,2,0,2
BRDA:39,2,1,3
BRDA:42,3,0,0
BRDA:42,3,1,3
BRDA:46,4,0,1
BRDA:46,4,1,2
BRDA:79,5,0,3
BRDA:79,5,1,5
BRDA:79,6,0,8
BRDA:79,6,1,6
BRDA:84,7,0,2
BRDA:84,7,1,3
BRDA:87,8,0,1
BRDA:87,8,1,2
BRDA:108,9,0,2
BRDA:108,9,1,1
BRDA:111,10,0,1
BRDA:111,10,1,0
BRDA:114,11,0,0
BRDA:114,11,1,0
BRDA:133,12,0,1
BRDA:133,12,1,2
BRF:27
BRH:23
end_of_record
